<?xml version="1.0" encoding="UTF-8"?>
<testng-results ignored="0" total="0" passed="0" failed="0" skipped="0">
  <reporter-output>
  </reporter-output>
  <suite started-at="2023-03-06T12:59:54 GMT" name="RueSuite" finished-at="2023-03-06T12:59:54 GMT" duration-ms="45">
    <groups>
    </groups>
    <test started-at="2023-03-06T12:59:54 GMT" name="RueAutomation" finished-at="2023-03-06T12:59:54 GMT" duration-ms="45">
    </test> <!-- RueAutomation -->
  </suite> <!-- RueSuite -->
</testng-results>
